        -:    0:Source:TestPFD.c++
        -:    0:Graph:TestPFD.gcno
        -:    0:Data:TestPFD.gcda
        -:    0:Runs:2
        -:    0:Programs:1
        -:    1:// --------------------------------
        -:    2:// projects/PFD/TestPFD.c++
        -:    3:// Copyright (C) 2015
        -:    4:// Glenn P. Downing
        -:    5:// --------------------------------
        -:    6:
        -:    7:// https://code.google.com/p/googletest/wiki/V1_7_Primer#Basic_EXPECTions
        -:    8:
        -:    9:// --------
        -:   10:// includes
        -:   11:// --------
        -:   12:
        -:   13:#include <iostream> // cout, endl
        -:   14:#include <sstream>  // istringtstream, ostringstream
        -:   15:#include <string>   // string
        -:   16:#include <utility>  // pair
        -:   17:
        -:   18:#include "gtest/gtest.h"
        -:   19:
        -:   20:#include "PFD.h"
        -:   21:
        -:   22:using namespace std;
        -:   23:
        -:   24:// -----------
        -:   25:// TestPFD
        -:   26:// -----------
        -:   27:
        -:   28:// ----
        -:   29:// read_first
        -:   30:// ----
        -:   31:
function _ZN22PFDFixture_read_1_TestD0Ev called 2 returned 100% blocks executed 100%
function _ZN22PFDFixture_read_1_TestD2Ev called 2 returned 100% blocks executed 75%
function _ZN22PFDFixture_read_1_Test8TestBodyEv called 2 returned 100% blocks executed 40%
function _ZN22PFDFixture_read_1_TestC2Ev called 2 returned 100% blocks executed 100%
       10:   32:TEST(PFDFixture, read_1) {
call    0 returned 100%
call    1 returned 100%
call    2 returned 100%
call    3 returned 100%
call    4 returned 100%
call    5 returned 100%
call    6 returned 100%
branch  7 taken 0% (fallthrough)
branch  8 taken 100%
call    9 never executed
call   10 returned 100%
        2:   33:    string s("1 0\n");
call    0 returned 100%
call    1 returned 100%
branch  2 taken 100% (fallthrough)
branch  3 taken 0% (throw)
call    4 returned 100%
        2:   34:    const pair<int, int> p = PFD_read_first(s);
call    0 returned 100%
branch  1 taken 100% (fallthrough)
branch  2 taken 0% (throw)
        2:   35:    ASSERT_EQ(1, p.first);
call    0 returned 100%
branch  1 taken 100% (fallthrough)
branch  2 taken 0% (throw)
call    3 returned 100%
branch  4 taken 0% (fallthrough)
branch  5 taken 100%
call    6 never executed
branch  7 never executed
branch  8 never executed
call    9 never executed
branch 10 never executed
branch 11 never executed
call   12 never executed
branch 13 never executed
branch 14 never executed
call   15 never executed
branch 16 never executed
branch 17 never executed
call   18 never executed
call   19 never executed
call   20 returned 100%
branch 21 taken 100%
branch 22 taken 0%
call   23 never executed
call   24 never executed
call   25 never executed
        2:   36:    ASSERT_EQ(0, p.second);}
call    0 returned 100%
branch  1 taken 100% (fallthrough)
branch  2 taken 0% (throw)
call    3 returned 100%
branch  4 taken 0% (fallthrough)
branch  5 taken 100%
call    6 never executed
branch  7 never executed
branch  8 never executed
call    9 never executed
branch 10 never executed
branch 11 never executed
call   12 never executed
branch 13 never executed
branch 14 never executed
call   15 never executed
branch 16 never executed
branch 17 never executed
call   18 never executed
call   19 never executed
call   20 returned 100%
branch 21 taken 100%
branch 22 taken 0%
call   23 returned 100%
branch 24 taken 100%
branch 25 taken 0%
call   26 never executed
call   27 never executed
call   28 never executed
call   29 never executed
call   30 never executed
function _ZN22PFDFixture_read_2_TestD0Ev called 2 returned 100% blocks executed 100%
function _ZN22PFDFixture_read_2_TestD2Ev called 2 returned 100% blocks executed 75%
function _ZN22PFDFixture_read_2_Test8TestBodyEv called 2 returned 100% blocks executed 40%
function _ZN22PFDFixture_read_2_TestC2Ev called 2 returned 100% blocks executed 100%
       10:   37:TEST(PFDFixture, read_2) {
call    0 returned 100%
call    1 returned 100%
call    2 returned 100%
call    3 returned 100%
call    4 returned 100%
call    5 returned 100%
call    6 returned 100%
branch  7 taken 0% (fallthrough)
branch  8 taken 100%
call    9 never executed
call   10 returned 100%
        2:   38:    string s("1 0\n");
call    0 returned 100%
call    1 returned 100%
branch  2 taken 100% (fallthrough)
branch  3 taken 0% (throw)
call    4 returned 100%
        2:   39:    const pair<int, int> p = PFD_read_first(s);
call    0 returned 100%
branch  1 taken 100% (fallthrough)
branch  2 taken 0% (throw)
        2:   40:    ASSERT_EQ(1, p.first);
call    0 returned 100%
branch  1 taken 100% (fallthrough)
branch  2 taken 0% (throw)
call    3 returned 100%
branch  4 taken 0% (fallthrough)
branch  5 taken 100%
call    6 never executed
branch  7 never executed
branch  8 never executed
call    9 never executed
branch 10 never executed
branch 11 never executed
call   12 never executed
branch 13 never executed
branch 14 never executed
call   15 never executed
branch 16 never executed
branch 17 never executed
call   18 never executed
call   19 never executed
call   20 returned 100%
branch 21 taken 100%
branch 22 taken 0%
call   23 never executed
call   24 never executed
call   25 never executed
        2:   41:    ASSERT_EQ(0, p.second);}
call    0 returned 100%
branch  1 taken 100% (fallthrough)
branch  2 taken 0% (throw)
call    3 returned 100%
branch  4 taken 0% (fallthrough)
branch  5 taken 100%
call    6 never executed
branch  7 never executed
branch  8 never executed
call    9 never executed
branch 10 never executed
branch 11 never executed
call   12 never executed
branch 13 never executed
branch 14 never executed
call   15 never executed
branch 16 never executed
branch 17 never executed
call   18 never executed
call   19 never executed
call   20 returned 100%
branch 21 taken 100%
branch 22 taken 0%
call   23 returned 100%
branch 24 taken 100%
branch 25 taken 0%
call   26 never executed
call   27 never executed
call   28 never executed
call   29 never executed
call   30 never executed
function _ZN22PFDFixture_read_3_TestD0Ev called 2 returned 100% blocks executed 100%
function _ZN22PFDFixture_read_3_TestD2Ev called 2 returned 100% blocks executed 75%
function _ZN22PFDFixture_read_3_Test8TestBodyEv called 2 returned 100% blocks executed 40%
function _ZN22PFDFixture_read_3_TestC2Ev called 2 returned 100% blocks executed 100%
       10:   42:TEST(PFDFixture, read_3) {
call    0 returned 100%
call    1 returned 100%
call    2 returned 100%
call    3 returned 100%
call    4 returned 100%
call    5 returned 100%
call    6 returned 100%
branch  7 taken 0% (fallthrough)
branch  8 taken 100%
call    9 never executed
call   10 returned 100%
        2:   43:    string s("1 0\n");
call    0 returned 100%
call    1 returned 100%
branch  2 taken 100% (fallthrough)
branch  3 taken 0% (throw)
call    4 returned 100%
        2:   44:    const pair<int, int> p = PFD_read_first(s);
call    0 returned 100%
branch  1 taken 100% (fallthrough)
branch  2 taken 0% (throw)
        2:   45:    ASSERT_EQ(1, p.first);
call    0 returned 100%
branch  1 taken 100% (fallthrough)
branch  2 taken 0% (throw)
call    3 returned 100%
branch  4 taken 0% (fallthrough)
branch  5 taken 100%
call    6 never executed
branch  7 never executed
branch  8 never executed
call    9 never executed
branch 10 never executed
branch 11 never executed
call   12 never executed
branch 13 never executed
branch 14 never executed
call   15 never executed
branch 16 never executed
branch 17 never executed
call   18 never executed
call   19 never executed
call   20 returned 100%
branch 21 taken 100%
branch 22 taken 0%
call   23 never executed
call   24 never executed
call   25 never executed
        2:   46:    ASSERT_EQ(0, p.second);}
call    0 returned 100%
branch  1 taken 100% (fallthrough)
branch  2 taken 0% (throw)
call    3 returned 100%
branch  4 taken 0% (fallthrough)
branch  5 taken 100%
call    6 never executed
branch  7 never executed
branch  8 never executed
call    9 never executed
branch 10 never executed
branch 11 never executed
call   12 never executed
branch 13 never executed
branch 14 never executed
call   15 never executed
branch 16 never executed
branch 17 never executed
call   18 never executed
call   19 never executed
call   20 returned 100%
branch 21 taken 100%
branch 22 taken 0%
call   23 returned 100%
branch 24 taken 100%
branch 25 taken 0%
call   26 never executed
call   27 never executed
call   28 never executed
call   29 never executed
call   30 never executed
function _ZN22PFDFixture_read_4_TestD0Ev called 2 returned 100% blocks executed 100%
function _ZN22PFDFixture_read_4_TestD2Ev called 2 returned 100% blocks executed 75%
function _ZN22PFDFixture_read_4_Test8TestBodyEv called 2 returned 100% blocks executed 40%
function _ZN22PFDFixture_read_4_TestC2Ev called 2 returned 100% blocks executed 100%
       10:   47:TEST(PFDFixture, read_4) {
call    0 returned 100%
call    1 returned 100%
call    2 returned 100%
call    3 returned 100%
call    4 returned 100%
call    5 returned 100%
call    6 returned 100%
branch  7 taken 0% (fallthrough)
branch  8 taken 100%
call    9 never executed
call   10 returned 100%
        2:   48:    string s("1 0\n");
call    0 returned 100%
call    1 returned 100%
branch  2 taken 100% (fallthrough)
branch  3 taken 0% (throw)
call    4 returned 100%
        2:   49:    const pair<int, int> p = PFD_read_first(s);
call    0 returned 100%
branch  1 taken 100% (fallthrough)
branch  2 taken 0% (throw)
        2:   50:    ASSERT_EQ(1, p.first);
call    0 returned 100%
branch  1 taken 100% (fallthrough)
branch  2 taken 0% (throw)
call    3 returned 100%
branch  4 taken 0% (fallthrough)
branch  5 taken 100%
call    6 never executed
branch  7 never executed
branch  8 never executed
call    9 never executed
branch 10 never executed
branch 11 never executed
call   12 never executed
branch 13 never executed
branch 14 never executed
call   15 never executed
branch 16 never executed
branch 17 never executed
call   18 never executed
call   19 never executed
call   20 returned 100%
branch 21 taken 100%
branch 22 taken 0%
call   23 never executed
call   24 never executed
call   25 never executed
        2:   51:    ASSERT_EQ(0, p.second);}
call    0 returned 100%
branch  1 taken 100% (fallthrough)
branch  2 taken 0% (throw)
call    3 returned 100%
branch  4 taken 0% (fallthrough)
branch  5 taken 100%
call    6 never executed
branch  7 never executed
branch  8 never executed
call    9 never executed
branch 10 never executed
branch 11 never executed
call   12 never executed
branch 13 never executed
branch 14 never executed
call   15 never executed
branch 16 never executed
branch 17 never executed
call   18 never executed
call   19 never executed
call   20 returned 100%
branch 21 taken 100%
branch 22 taken 0%
call   23 returned 100%
branch 24 taken 100%
branch 25 taken 0%
call   26 never executed
call   27 never executed
call   28 never executed
call   29 never executed
call   30 never executed
        -:   52:
        -:   53:// ----
        -:   54:// PFD_print
        -:   55:// ----
        -:   56:
function _ZN23PFDFixture_print_1_TestD0Ev called 2 returned 100% blocks executed 100%
function _ZN23PFDFixture_print_1_TestD2Ev called 2 returned 100% blocks executed 75%
function _ZN23PFDFixture_print_1_Test8TestBodyEv called 2 returned 100% blocks executed 47%
function _ZN23PFDFixture_print_1_TestC2Ev called 2 returned 100% blocks executed 100%
       10:   57:TEST(PFDFixture, print_1) {
call    0 returned 100%
call    1 returned 100%
call    2 returned 100%
call    3 returned 100%
call    4 returned 100%
call    5 returned 100%
call    6 returned 100%
branch  7 taken 0% (fallthrough)
branch  8 taken 100%
call    9 never executed
call   10 returned 100%
        2:   58:    ostringstream w;
call    0 returned 100%
branch  1 taken 100% (fallthrough)
branch  2 taken 0% (throw)
        2:   59:    int i = 27;
        2:   60:    PFD_print(w, i);
call    0 returned 100%
branch  1 taken 100% (fallthrough)
branch  2 taken 0% (throw)
        2:   61:    ASSERT_EQ("27 \n", w.str());}
call    0 returned 100%
branch  1 taken 100% (fallthrough)
branch  2 taken 0% (throw)
call    3 returned 100%
branch  4 taken 100% (fallthrough)
branch  5 taken 0% (throw)
call    6 returned 100%
call    7 returned 100%
branch  8 taken 0% (fallthrough)
branch  9 taken 100%
call   10 never executed
branch 11 never executed
branch 12 never executed
call   13 never executed
branch 14 never executed
branch 15 never executed
call   16 never executed
branch 17 never executed
branch 18 never executed
call   19 never executed
branch 20 never executed
branch 21 never executed
call   22 never executed
call   23 never executed
call   24 returned 100%
branch 25 taken 100%
branch 26 taken 0%
call   27 returned 100%
branch 28 taken 100%
branch 29 taken 0%
call   30 never executed
call   31 never executed
call   32 never executed
call   33 never executed
call   34 never executed
function _ZN23PFDFixture_print_2_TestD0Ev called 2 returned 100% blocks executed 100%
function _ZN23PFDFixture_print_2_TestD2Ev called 2 returned 100% blocks executed 75%
function _ZN23PFDFixture_print_2_Test8TestBodyEv called 2 returned 100% blocks executed 47%
function _ZN23PFDFixture_print_2_TestC2Ev called 2 returned 100% blocks executed 100%
       10:   62:TEST(PFDFixture, print_2) {
call    0 returned 100%
call    1 returned 100%
call    2 returned 100%
call    3 returned 100%
call    4 returned 100%
call    5 returned 100%
call    6 returned 100%
branch  7 taken 0% (fallthrough)
branch  8 taken 100%
call    9 never executed
call   10 returned 100%
        2:   63:    ostringstream w;
call    0 returned 100%
branch  1 taken 100% (fallthrough)
branch  2 taken 0% (throw)
        2:   64:    int i = 27;
        2:   65:    PFD_print(w, i);
call    0 returned 100%
branch  1 taken 100% (fallthrough)
branch  2 taken 0% (throw)
        2:   66:    ASSERT_EQ("27 \n", w.str());}
call    0 returned 100%
branch  1 taken 100% (fallthrough)
branch  2 taken 0% (throw)
call    3 returned 100%
branch  4 taken 100% (fallthrough)
branch  5 taken 0% (throw)
call    6 returned 100%
call    7 returned 100%
branch  8 taken 0% (fallthrough)
branch  9 taken 100%
call   10 never executed
branch 11 never executed
branch 12 never executed
call   13 never executed
branch 14 never executed
branch 15 never executed
call   16 never executed
branch 17 never executed
branch 18 never executed
call   19 never executed
branch 20 never executed
branch 21 never executed
call   22 never executed
call   23 never executed
call   24 returned 100%
branch 25 taken 100%
branch 26 taken 0%
call   27 returned 100%
branch 28 taken 100%
branch 29 taken 0%
call   30 never executed
call   31 never executed
call   32 never executed
call   33 never executed
call   34 never executed
function _ZN23PFDFixture_print_3_TestD0Ev called 2 returned 100% blocks executed 100%
function _ZN23PFDFixture_print_3_TestD2Ev called 2 returned 100% blocks executed 75%
function _ZN23PFDFixture_print_3_Test8TestBodyEv called 2 returned 100% blocks executed 47%
function _ZN23PFDFixture_print_3_TestC2Ev called 2 returned 100% blocks executed 100%
       10:   67:TEST(PFDFixture, print_3) {
call    0 returned 100%
call    1 returned 100%
call    2 returned 100%
call    3 returned 100%
call    4 returned 100%
call    5 returned 100%
call    6 returned 100%
branch  7 taken 0% (fallthrough)
branch  8 taken 100%
call    9 never executed
call   10 returned 100%
        2:   68:    ostringstream w;
call    0 returned 100%
branch  1 taken 100% (fallthrough)
branch  2 taken 0% (throw)
        2:   69:    int i = 27;
        2:   70:    PFD_print(w, i);
call    0 returned 100%
branch  1 taken 100% (fallthrough)
branch  2 taken 0% (throw)
        2:   71:    ASSERT_EQ("27 \n", w.str());}
call    0 returned 100%
branch  1 taken 100% (fallthrough)
branch  2 taken 0% (throw)
call    3 returned 100%
branch  4 taken 100% (fallthrough)
branch  5 taken 0% (throw)
call    6 returned 100%
call    7 returned 100%
branch  8 taken 0% (fallthrough)
branch  9 taken 100%
call   10 never executed
branch 11 never executed
branch 12 never executed
call   13 never executed
branch 14 never executed
branch 15 never executed
call   16 never executed
branch 17 never executed
branch 18 never executed
call   19 never executed
branch 20 never executed
branch 21 never executed
call   22 never executed
call   23 never executed
call   24 returned 100%
branch 25 taken 100%
branch 26 taken 0%
call   27 returned 100%
branch 28 taken 100%
branch 29 taken 0%
call   30 never executed
call   31 never executed
call   32 never executed
call   33 never executed
call   34 never executed
function _ZN23PFDFixture_print_4_TestD0Ev called 2 returned 100% blocks executed 100%
function _ZN23PFDFixture_print_4_TestD2Ev called 2 returned 100% blocks executed 75%
function _ZN23PFDFixture_print_4_Test8TestBodyEv called 2 returned 100% blocks executed 47%
function _ZN23PFDFixture_print_4_TestC2Ev called 2 returned 100% blocks executed 100%
       10:   72:TEST(PFDFixture, print_4) {
call    0 returned 100%
call    1 returned 100%
call    2 returned 100%
call    3 returned 100%
call    4 returned 100%
call    5 returned 100%
call    6 returned 100%
branch  7 taken 0% (fallthrough)
branch  8 taken 100%
call    9 never executed
call   10 returned 100%
        2:   73:    ostringstream w;
call    0 returned 100%
branch  1 taken 100% (fallthrough)
branch  2 taken 0% (throw)
        2:   74:    int i = 27;
        2:   75:    PFD_print(w, i);
call    0 returned 100%
branch  1 taken 100% (fallthrough)
branch  2 taken 0% (throw)
        2:   76:    ASSERT_EQ("27 \n", w.str());}
call    0 returned 100%
branch  1 taken 100% (fallthrough)
branch  2 taken 0% (throw)
call    3 returned 100%
branch  4 taken 100% (fallthrough)
branch  5 taken 0% (throw)
call    6 returned 100%
call    7 returned 100%
branch  8 taken 0% (fallthrough)
branch  9 taken 100%
call   10 never executed
branch 11 never executed
branch 12 never executed
call   13 never executed
branch 14 never executed
branch 15 never executed
call   16 never executed
branch 17 never executed
branch 18 never executed
call   19 never executed
branch 20 never executed
branch 21 never executed
call   22 never executed
call   23 never executed
call   24 returned 100%
branch 25 taken 100%
branch 26 taken 0%
call   27 returned 100%
branch 28 taken 100%
branch 29 taken 0%
call   30 never executed
call   31 never executed
call   32 never executed
call   33 never executed
call   34 never executed
        -:   77:
        -:   78:// ----
        -:   79:// populate_adj
        -:   80:// ----
        -:   81:
function _ZN21PFDFixture_pop_1_TestD0Ev called 2 returned 100% blocks executed 100%
function _ZN21PFDFixture_pop_1_TestD2Ev called 2 returned 100% blocks executed 75%
function _ZN21PFDFixture_pop_1_Test8TestBodyEv called 2 returned 100% blocks executed 52%
function _ZN21PFDFixture_pop_1_TestC2Ev called 2 returned 100% blocks executed 100%
       10:   82:TEST(PFDFixture, pop_1) {
call    0 returned 100%
call    1 returned 100%
call    2 returned 100%
call    3 returned 100%
call    4 returned 100%
call    5 returned 100%
call    6 returned 100%
branch  7 taken 0% (fallthrough)
branch  8 taken 100%
call    9 never executed
call   10 returned 100%
        2:   83:    string r("3 2 1 5");
call    0 returned 100%
call    1 returned 100%
branch  2 taken 100% (fallthrough)
branch  3 taken 0% (throw)
call    4 returned 100%
call    5 never executed
        4:   84:    ostringstream w;
call    0 returned 100%
branch  1 taken 100% (fallthrough)
branch  2 taken 0% (throw)
call    3 returned 100%
branch  4 taken 100%
branch  5 taken 0%
call    6 never executed
        2:   85:    populate_adj(w, r, 5);
call    0 returned 100%
branch  1 taken 100% (fallthrough)
branch  2 taken 0% (throw)
        2:   86:    print_adj(w, 5);
call    0 returned 100%
branch  1 taken 100% (fallthrough)
branch  2 taken 0% (throw)
        4:   87:    ASSERT_EQ(w.str(), "0 0 0 0 0 \n0 0 0 0 0 \n1 0 0 0 1 \n0 0 0 0 0 \n0 0 0 0 0 \n");
call    0 returned 100%
branch  1 taken 100% (fallthrough)
branch  2 taken 0% (throw)
call    3 returned 100%
branch  4 taken 100% (fallthrough)
branch  5 taken 0% (throw)
call    6 returned 100%
call    7 returned 100%
branch  8 taken 0% (fallthrough)
branch  9 taken 100%
call   10 never executed
branch 11 never executed
branch 12 never executed
call   13 never executed
branch 14 never executed
branch 15 never executed
call   16 never executed
branch 17 never executed
branch 18 never executed
call   19 never executed
branch 20 never executed
branch 21 never executed
call   22 never executed
call   23 never executed
call   24 returned 100%
branch 25 taken 100%
branch 26 taken 0%
call   27 never executed
call   28 never executed
call   29 never executed
call   30 never executed
        4:   88:    clear_adj(5);
call    0 returned 100%
branch  1 taken 100% (fallthrough)
branch  2 taken 0% (throw)
call    3 returned 100%
branch  4 taken 100%
branch  5 taken 0%
call    6 never executed
        -:   89:    }
function _ZN21PFDFixture_pop_2_TestD0Ev called 2 returned 100% blocks executed 100%
function _ZN21PFDFixture_pop_2_TestD2Ev called 2 returned 100% blocks executed 75%
function _ZN21PFDFixture_pop_2_Test8TestBodyEv called 2 returned 100% blocks executed 56%
function _ZN21PFDFixture_pop_2_TestC2Ev called 2 returned 100% blocks executed 100%
       10:   90:TEST(PFDFixture, pop_2) {
call    0 returned 100%
call    1 returned 100%
call    2 returned 100%
call    3 returned 100%
call    4 returned 100%
call    5 returned 100%
call    6 returned 100%
branch  7 taken 0% (fallthrough)
branch  8 taken 100%
call    9 never executed
call   10 returned 100%
        2:   91:    string s;
call    0 returned 100%
branch  1 taken 100% (fallthrough)
branch  2 taken 0% (throw)
        4:   92:    istringstream r("3 2 1 5\n2 2 5 3\n4 1 3\n5 1 1\n");
call    0 returned 100%
call    1 returned 100%
branch  2 taken 100% (fallthrough)
branch  3 taken 0% (throw)
call    4 returned 100%
branch  5 taken 100% (fallthrough)
branch  6 taken 0% (throw)
call    7 returned 100%
call    8 returned 100%
call    9 returned 100%
branch 10 taken 100%
branch 11 taken 0%
call   12 never executed
call   13 never executed
call   14 never executed
        4:   93:    ostringstream w;
call    0 returned 100%
branch  1 taken 100% (fallthrough)
branch  2 taken 0% (throw)
call    3 returned 100%
branch  4 taken 100%
branch  5 taken 0%
call    6 never executed
       12:   94:    while (getline(r,s)){
call    0 returned 100%
branch  1 taken 100% (fallthrough)
branch  2 taken 0% (throw)
call    3 returned 100%
branch  4 taken 100% (fallthrough)
branch  5 taken 0% (throw)
branch  6 taken 80%
branch  7 taken 20% (fallthrough)
        8:   95:        populate_adj(w, s, 5);
call    0 returned 100%
branch  1 taken 100% (fallthrough)
branch  2 taken 0% (throw)
        -:   96:    }
        2:   97:    print_adj(w, 5);
call    0 returned 100%
branch  1 taken 100% (fallthrough)
branch  2 taken 0% (throw)
        4:   98:    ASSERT_EQ(w.str(), "0 0 0 0 0 \n0 0 1 0 1 \n1 0 0 0 1 \n0 0 1 0 0 \n1 0 0 0 0 \n");
call    0 returned 100%
branch  1 taken 100% (fallthrough)
branch  2 taken 0% (throw)
call    3 returned 100%
branch  4 taken 100% (fallthrough)
branch  5 taken 0% (throw)
call    6 returned 100%
call    7 returned 100%
branch  8 taken 0% (fallthrough)
branch  9 taken 100%
call   10 never executed
branch 11 never executed
branch 12 never executed
call   13 never executed
branch 14 never executed
branch 15 never executed
call   16 never executed
branch 17 never executed
branch 18 never executed
call   19 never executed
branch 20 never executed
branch 21 never executed
call   22 never executed
call   23 never executed
call   24 returned 100%
branch 25 taken 100%
branch 26 taken 0%
call   27 never executed
call   28 never executed
call   29 never executed
call   30 never executed
        4:   99:    clear_adj(5);
call    0 returned 100%
branch  1 taken 100% (fallthrough)
branch  2 taken 0% (throw)
call    3 returned 100%
branch  4 taken 100%
branch  5 taken 0%
call    6 never executed
        -:  100:    }
function _ZN21PFDFixture_pop_3_TestD0Ev called 2 returned 100% blocks executed 100%
function _ZN21PFDFixture_pop_3_TestD2Ev called 2 returned 100% blocks executed 75%
function _ZN21PFDFixture_pop_3_Test8TestBodyEv called 2 returned 100% blocks executed 56%
function _ZN21PFDFixture_pop_3_TestC2Ev called 2 returned 100% blocks executed 100%
       10:  101:TEST(PFDFixture, pop_3) {
call    0 returned 100%
call    1 returned 100%
call    2 returned 100%
call    3 returned 100%
call    4 returned 100%
call    5 returned 100%
call    6 returned 100%
branch  7 taken 0% (fallthrough)
branch  8 taken 100%
call    9 never executed
call   10 returned 100%
        2:  102:    string s;
call    0 returned 100%
branch  1 taken 100% (fallthrough)
branch  2 taken 0% (throw)
        4:  103:    istringstream r("1 2 4 5\n2 1 4\n3 2 5 8\n4 2 6 7\n5 1 7\n");
call    0 returned 100%
call    1 returned 100%
branch  2 taken 100% (fallthrough)
branch  3 taken 0% (throw)
call    4 returned 100%
branch  5 taken 100% (fallthrough)
branch  6 taken 0% (throw)
call    7 returned 100%
call    8 returned 100%
call    9 returned 100%
branch 10 taken 100%
branch 11 taken 0%
call   12 never executed
call   13 never executed
call   14 never executed
        4:  104:    ostringstream w;
call    0 returned 100%
branch  1 taken 100% (fallthrough)
branch  2 taken 0% (throw)
call    3 returned 100%
branch  4 taken 100%
branch  5 taken 0%
call    6 never executed
       14:  105:    while (getline(r,s)){
call    0 returned 100%
branch  1 taken 100% (fallthrough)
branch  2 taken 0% (throw)
call    3 returned 100%
branch  4 taken 100% (fallthrough)
branch  5 taken 0% (throw)
branch  6 taken 83%
branch  7 taken 17% (fallthrough)
       10:  106:        populate_adj(w, s, 5);
call    0 returned 100%
branch  1 taken 100% (fallthrough)
branch  2 taken 0% (throw)
        -:  107:    }
        2:  108:    print_adj(w, 8);
call    0 returned 100%
branch  1 taken 100% (fallthrough)
branch  2 taken 0% (throw)
        4:  109:    ASSERT_EQ(w.str(), "0 0 0 1 1 0 0 0 \n0 0 0 1 0 0 0 0 \n0 0 0 0 1 0 0 1 \n0 0 0 0 0 1 1 0 \n0 0 0 0 0 0 1 0 \n0 0 0 0 0 0 0 0 \n0 0 0 0 0 0 0 0 \n0 0 0 0 0 0 0 0 \n");
call    0 returned 100%
branch  1 taken 100% (fallthrough)
branch  2 taken 0% (throw)
call    3 returned 100%
branch  4 taken 100% (fallthrough)
branch  5 taken 0% (throw)
call    6 returned 100%
call    7 returned 100%
branch  8 taken 0% (fallthrough)
branch  9 taken 100%
call   10 never executed
branch 11 never executed
branch 12 never executed
call   13 never executed
branch 14 never executed
branch 15 never executed
call   16 never executed
branch 17 never executed
branch 18 never executed
call   19 never executed
branch 20 never executed
branch 21 never executed
call   22 never executed
call   23 never executed
call   24 returned 100%
branch 25 taken 100%
branch 26 taken 0%
call   27 never executed
call   28 never executed
call   29 never executed
call   30 never executed
        4:  110:    clear_adj(8);
call    0 returned 100%
branch  1 taken 100% (fallthrough)
branch  2 taken 0% (throw)
call    3 returned 100%
branch  4 taken 100%
branch  5 taken 0%
call    6 never executed
        -:  111:    }
        -:  112:
        -:  113:
        -:  114:// -----
        -:  115:// solve
        -:  116:// -----
        -:  117:
function _ZN23PFDFixture_solve_1_TestD0Ev called 2 returned 100% blocks executed 100%
function _ZN23PFDFixture_solve_1_TestD2Ev called 2 returned 100% blocks executed 75%
function _ZN23PFDFixture_solve_1_Test8TestBodyEv called 2 returned 100% blocks executed 51%
function _ZN23PFDFixture_solve_1_TestC2Ev called 2 returned 100% blocks executed 100%
       10:  118:TEST(PFDFixture, solve_1) {
call    0 returned 100%
call    1 returned 100%
call    2 returned 100%
call    3 returned 100%
call    4 returned 100%
call    5 returned 100%
call    6 returned 100%
branch  7 taken 0% (fallthrough)
branch  8 taken 100%
call    9 never executed
call   10 returned 100%
        2:  119:    istringstream r("1 1\n1 0\n");
call    0 returned 100%
call    1 returned 100%
branch  2 taken 100% (fallthrough)
branch  3 taken 0% (throw)
call    4 returned 100%
branch  5 taken 100% (fallthrough)
branch  6 taken 0% (throw)
call    7 returned 100%
call    8 returned 100%
call    9 never executed
call   10 never executed
        4:  120:    ostringstream w;
call    0 returned 100%
branch  1 taken 100% (fallthrough)
branch  2 taken 0% (throw)
call    3 returned 100%
branch  4 taken 100%
branch  5 taken 0%
call    6 never executed
        2:  121:    PFD_solve(r, w);
call    0 returned 100%
branch  1 taken 100% (fallthrough)
branch  2 taken 0% (throw)
        4:  122:    ASSERT_EQ("1 \n", w.str());
call    0 returned 100%
branch  1 taken 100% (fallthrough)
branch  2 taken 0% (throw)
call    3 returned 100%
branch  4 taken 100% (fallthrough)
branch  5 taken 0% (throw)
call    6 returned 100%
call    7 returned 100%
branch  8 taken 0% (fallthrough)
branch  9 taken 100%
call   10 never executed
branch 11 never executed
branch 12 never executed
call   13 never executed
branch 14 never executed
branch 15 never executed
call   16 never executed
branch 17 never executed
branch 18 never executed
call   19 never executed
branch 20 never executed
branch 21 never executed
call   22 never executed
call   23 never executed
call   24 returned 100%
branch 25 taken 100%
branch 26 taken 0%
call   27 never executed
call   28 never executed
call   29 never executed
call   30 never executed
        4:  123:    clear_adj(5);}
call    0 returned 100%
branch  1 taken 100% (fallthrough)
branch  2 taken 0% (throw)
call    3 returned 100%
branch  4 taken 100%
branch  5 taken 0%
call    6 never executed
function _ZN23PFDFixture_solve_2_TestD0Ev called 2 returned 100% blocks executed 100%
function _ZN23PFDFixture_solve_2_TestD2Ev called 2 returned 100% blocks executed 75%
function _ZN23PFDFixture_solve_2_Test8TestBodyEv called 2 returned 100% blocks executed 51%
function _ZN23PFDFixture_solve_2_TestC2Ev called 2 returned 100% blocks executed 100%
       10:  124:TEST(PFDFixture, solve_2) {
call    0 returned 100%
call    1 returned 100%
call    2 returned 100%
call    3 returned 100%
call    4 returned 100%
call    5 returned 100%
call    6 returned 100%
branch  7 taken 0% (fallthrough)
branch  8 taken 100%
call    9 never executed
call   10 returned 100%
        2:  125:    istringstream r("5 4\n3 2 1 5\n2 2 5 3\n4 1 3\n5 1 1\n");
call    0 returned 100%
call    1 returned 100%
branch  2 taken 100% (fallthrough)
branch  3 taken 0% (throw)
call    4 returned 100%
branch  5 taken 100% (fallthrough)
branch  6 taken 0% (throw)
call    7 returned 100%
call    8 returned 100%
call    9 never executed
call   10 never executed
        4:  126:    ostringstream w;
call    0 returned 100%
branch  1 taken 100% (fallthrough)
branch  2 taken 0% (throw)
call    3 returned 100%
branch  4 taken 100%
branch  5 taken 0%
call    6 never executed
        2:  127:    PFD_solve(r, w);
call    0 returned 100%
branch  1 taken 100% (fallthrough)
branch  2 taken 0% (throw)
        4:  128:    ASSERT_EQ("1 5 3 2 4 \n", w.str());
call    0 returned 100%
branch  1 taken 100% (fallthrough)
branch  2 taken 0% (throw)
call    3 returned 100%
branch  4 taken 100% (fallthrough)
branch  5 taken 0% (throw)
call    6 returned 100%
call    7 returned 100%
branch  8 taken 0% (fallthrough)
branch  9 taken 100%
call   10 never executed
branch 11 never executed
branch 12 never executed
call   13 never executed
branch 14 never executed
branch 15 never executed
call   16 never executed
branch 17 never executed
branch 18 never executed
call   19 never executed
branch 20 never executed
branch 21 never executed
call   22 never executed
call   23 never executed
call   24 returned 100%
branch 25 taken 100%
branch 26 taken 0%
call   27 never executed
call   28 never executed
call   29 never executed
call   30 never executed
        4:  129:    clear_adj(5);
call    0 returned 100%
branch  1 taken 100% (fallthrough)
branch  2 taken 0% (throw)
call    3 returned 100%
branch  4 taken 100%
branch  5 taken 0%
call    6 never executed
        -:  130:    }
function _ZN23PFDFixture_solve_3_TestD0Ev called 2 returned 100% blocks executed 100%
function _ZN23PFDFixture_solve_3_TestD2Ev called 2 returned 100% blocks executed 75%
function _ZN23PFDFixture_solve_3_Test8TestBodyEv called 2 returned 100% blocks executed 51%
function _ZN23PFDFixture_solve_3_TestC2Ev called 2 returned 100% blocks executed 100%
       10:  131:TEST(PFDFixture, solve_3) {
call    0 returned 100%
call    1 returned 100%
call    2 returned 100%
call    3 returned 100%
call    4 returned 100%
call    5 returned 100%
call    6 returned 100%
branch  7 taken 0% (fallthrough)
branch  8 taken 100%
call    9 never executed
call   10 returned 100%
        2:  132:    istringstream r("4 2\n1 1 4\n2 1 3\n");
call    0 returned 100%
call    1 returned 100%
branch  2 taken 100% (fallthrough)
branch  3 taken 0% (throw)
call    4 returned 100%
branch  5 taken 100% (fallthrough)
branch  6 taken 0% (throw)
call    7 returned 100%
call    8 returned 100%
call    9 never executed
call   10 never executed
        4:  133:    ostringstream w;
call    0 returned 100%
branch  1 taken 100% (fallthrough)
branch  2 taken 0% (throw)
call    3 returned 100%
branch  4 taken 100%
branch  5 taken 0%
call    6 never executed
        2:  134:    PFD_solve(r, w);
call    0 returned 100%
branch  1 taken 100% (fallthrough)
branch  2 taken 0% (throw)
        4:  135:    ASSERT_EQ("3 2 4 1 \n", w.str());
call    0 returned 100%
branch  1 taken 100% (fallthrough)
branch  2 taken 0% (throw)
call    3 returned 100%
branch  4 taken 100% (fallthrough)
branch  5 taken 0% (throw)
call    6 returned 100%
call    7 returned 100%
branch  8 taken 0% (fallthrough)
branch  9 taken 100%
call   10 never executed
branch 11 never executed
branch 12 never executed
call   13 never executed
branch 14 never executed
branch 15 never executed
call   16 never executed
branch 17 never executed
branch 18 never executed
call   19 never executed
branch 20 never executed
branch 21 never executed
call   22 never executed
call   23 never executed
call   24 returned 100%
branch 25 taken 100%
branch 26 taken 0%
call   27 never executed
call   28 never executed
call   29 never executed
call   30 never executed
        4:  136:    clear_adj(4);
call    0 returned 100%
branch  1 taken 100% (fallthrough)
branch  2 taken 0% (throw)
call    3 returned 100%
branch  4 taken 100%
branch  5 taken 0%
call    6 never executed
        -:  137:}
function _ZN23PFDFixture_solve_4_TestD0Ev called 2 returned 100% blocks executed 100%
function _ZN23PFDFixture_solve_4_TestD2Ev called 2 returned 100% blocks executed 75%
function _ZN23PFDFixture_solve_4_Test8TestBodyEv called 2 returned 100% blocks executed 51%
function _ZN23PFDFixture_solve_4_TestC2Ev called 2 returned 100% blocks executed 100%
       10:  138:TEST(PFDFixture, solve_4) {
call    0 returned 100%
call    1 returned 100%
call    2 returned 100%
call    3 returned 100%
call    4 returned 100%
call    5 returned 100%
call    6 returned 100%
branch  7 taken 0% (fallthrough)
branch  8 taken 100%
call    9 never executed
call   10 returned 100%
        2:  139:    istringstream r("4 1\n1 2 3 4\n");
call    0 returned 100%
call    1 returned 100%
branch  2 taken 100% (fallthrough)
branch  3 taken 0% (throw)
call    4 returned 100%
branch  5 taken 100% (fallthrough)
branch  6 taken 0% (throw)
call    7 returned 100%
call    8 returned 100%
call    9 never executed
call   10 never executed
        4:  140:    ostringstream w;
call    0 returned 100%
branch  1 taken 100% (fallthrough)
branch  2 taken 0% (throw)
call    3 returned 100%
branch  4 taken 100%
branch  5 taken 0%
call    6 never executed
        2:  141:    PFD_solve(r, w);
call    0 returned 100%
branch  1 taken 100% (fallthrough)
branch  2 taken 0% (throw)
        4:  142:    ASSERT_EQ("2 3 4 1 \n", w.str());
call    0 returned 100%
branch  1 taken 100% (fallthrough)
branch  2 taken 0% (throw)
call    3 returned 100%
branch  4 taken 100% (fallthrough)
branch  5 taken 0% (throw)
call    6 returned 100%
call    7 returned 100%
branch  8 taken 0% (fallthrough)
branch  9 taken 100%
call   10 never executed
branch 11 never executed
branch 12 never executed
call   13 never executed
branch 14 never executed
branch 15 never executed
call   16 never executed
branch 17 never executed
branch 18 never executed
call   19 never executed
branch 20 never executed
branch 21 never executed
call   22 never executed
call   23 never executed
call   24 returned 100%
branch 25 taken 100%
branch 26 taken 0%
call   27 never executed
call   28 never executed
call   29 never executed
call   30 never executed
        4:  143:    clear_adj(4);}
call    0 returned 100%
branch  1 taken 100% (fallthrough)
branch  2 taken 0% (throw)
call    3 returned 100%
branch  4 taken 100%
branch  5 taken 0%
call    6 never executed
function _ZN23PFDFixture_solve_5_TestD0Ev called 2 returned 100% blocks executed 100%
function _ZN23PFDFixture_solve_5_TestD2Ev called 2 returned 100% blocks executed 75%
function _ZN23PFDFixture_solve_5_Test8TestBodyEv called 2 returned 100% blocks executed 50%
function _ZN23PFDFixture_solve_5_TestC2Ev called 2 returned 100% blocks executed 100%
       10:  144:TEST(PFDFixture, solve_5) {
call    0 returned 100%
call    1 returned 100%
call    2 returned 100%
call    3 returned 100%
call    4 returned 100%
call    5 returned 100%
call    6 returned 100%
branch  7 taken 0% (fallthrough)
branch  8 taken 100%
call    9 never executed
call   10 returned 100%
        2:  145:    istringstream r("8 5\n1 2 4 5\n2 1 4\n3 2 5 8\n4 2 6 7\n5 1 7\n");
call    0 returned 100%
call    1 returned 100%
branch  2 taken 100% (fallthrough)
branch  3 taken 0% (throw)
call    4 returned 100%
branch  5 taken 100% (fallthrough)
branch  6 taken 0% (throw)
call    7 returned 100%
call    8 returned 100%
call    9 never executed
call   10 never executed
        4:  146:    ostringstream w;
call    0 returned 100%
branch  1 taken 100% (fallthrough)
branch  2 taken 0% (throw)
call    3 returned 100%
branch  4 taken 100%
branch  5 taken 0%
call    6 never executed
        2:  147:    PFD_solve(r, w);
call    0 returned 100%
branch  1 taken 100% (fallthrough)
branch  2 taken 0% (throw)
        4:  148:    ASSERT_EQ("6 7 4 2 5 1 8 3 \n", w.str());
call    0 returned 100%
branch  1 taken 100% (fallthrough)
branch  2 taken 0% (throw)
call    3 returned 100%
branch  4 taken 100% (fallthrough)
branch  5 taken 0% (throw)
call    6 returned 100%
call    7 returned 100%
branch  8 taken 0% (fallthrough)
branch  9 taken 100%
call   10 never executed
branch 11 never executed
branch 12 never executed
call   13 never executed
branch 14 never executed
branch 15 never executed
call   16 never executed
branch 17 never executed
branch 18 never executed
call   19 never executed
branch 20 never executed
branch 21 never executed
call   22 never executed
call   23 never executed
call   24 returned 100%
branch 25 taken 100%
branch 26 taken 0%
call   27 returned 100%
branch 28 taken 100%
branch 29 taken 0%
call   30 never executed
call   31 never executed
call   32 never executed
call   33 never executed
call   34 never executed
        -:  149:}
function _ZN23PFDFixture_solve_6_TestD0Ev called 2 returned 100% blocks executed 100%
function _ZN23PFDFixture_solve_6_TestD2Ev called 2 returned 100% blocks executed 75%
function _ZN23PFDFixture_solve_6_Test8TestBodyEv called 2 returned 100% blocks executed 50%
function _ZN23PFDFixture_solve_6_TestC2Ev called 2 returned 100% blocks executed 100%
       10:  150:TEST(PFDFixture, solve_6) 
call    0 returned 100%
call    1 returned 100%
call    2 returned 100%
call    3 returned 100%
call    4 returned 100%
call    5 returned 100%
call    6 returned 100%
branch  7 taken 0% (fallthrough)
branch  8 taken 100%
call    9 never executed
call   10 returned 100%
        -:  151:{
        2:  152:    istringstream r("5 0\n");
call    0 returned 100%
call    1 returned 100%
branch  2 taken 100% (fallthrough)
branch  3 taken 0% (throw)
call    4 returned 100%
branch  5 taken 100% (fallthrough)
branch  6 taken 0% (throw)
call    7 returned 100%
call    8 returned 100%
call    9 never executed
call   10 never executed
        4:  153:    ostringstream w;
call    0 returned 100%
branch  1 taken 100% (fallthrough)
branch  2 taken 0% (throw)
call    3 returned 100%
branch  4 taken 100%
branch  5 taken 0%
call    6 never executed
        2:  154:    PFD_solve(r, w);
call    0 returned 100%
branch  1 taken 100% (fallthrough)
branch  2 taken 0% (throw)
        4:  155:    ASSERT_EQ("1 2 3 4 5 \n", w.str());
call    0 returned 100%
branch  1 taken 100% (fallthrough)
branch  2 taken 0% (throw)
call    3 returned 100%
branch  4 taken 100% (fallthrough)
branch  5 taken 0% (throw)
call    6 returned 100%
call    7 returned 100%
branch  8 taken 0% (fallthrough)
branch  9 taken 100%
call   10 never executed
branch 11 never executed
branch 12 never executed
call   13 never executed
branch 14 never executed
branch 15 never executed
call   16 never executed
branch 17 never executed
branch 18 never executed
call   19 never executed
branch 20 never executed
branch 21 never executed
call   22 never executed
call   23 never executed
call   24 returned 100%
branch 25 taken 100%
branch 26 taken 0%
call   27 returned 100%
branch 28 taken 100%
branch 29 taken 0%
call   30 never executed
call   31 never executed
call   32 never executed
call   33 never executed
call   34 never executed
        -:  156:}
function _ZN23PFDFixture_solve_7_TestD0Ev called 2 returned 100% blocks executed 100%
function _ZN23PFDFixture_solve_7_TestD2Ev called 2 returned 100% blocks executed 75%
function _ZN23PFDFixture_solve_7_Test8TestBodyEv called 2 returned 100% blocks executed 50%
function _ZN23PFDFixture_solve_7_TestC2Ev called 2 returned 100% blocks executed 100%
       10:  157:TEST(PFDFixture, solve_7) 
call    0 returned 100%
call    1 returned 100%
call    2 returned 100%
call    3 returned 100%
call    4 returned 100%
call    5 returned 100%
call    6 returned 100%
branch  7 taken 0% (fallthrough)
branch  8 taken 100%
call    9 never executed
call   10 returned 100%
        -:  158:{
        2:  159:    istringstream r("3 1\n1 1 3\n3 1 2\n");
call    0 returned 100%
call    1 returned 100%
branch  2 taken 100% (fallthrough)
branch  3 taken 0% (throw)
call    4 returned 100%
branch  5 taken 100% (fallthrough)
branch  6 taken 0% (throw)
call    7 returned 100%
call    8 returned 100%
call    9 never executed
call   10 never executed
        4:  160:    ostringstream w;
call    0 returned 100%
branch  1 taken 100% (fallthrough)
branch  2 taken 0% (throw)
call    3 returned 100%
branch  4 taken 100%
branch  5 taken 0%
call    6 never executed
        2:  161:    PFD_solve(r, w);
call    0 returned 100%
branch  1 taken 100% (fallthrough)
branch  2 taken 0% (throw)
        4:  162:    ASSERT_EQ("2 3 1 \n", w.str());
call    0 returned 100%
branch  1 taken 100% (fallthrough)
branch  2 taken 0% (throw)
call    3 returned 100%
branch  4 taken 100% (fallthrough)
branch  5 taken 0% (throw)
call    6 returned 100%
call    7 returned 100%
branch  8 taken 0% (fallthrough)
branch  9 taken 100%
call   10 never executed
branch 11 never executed
branch 12 never executed
call   13 never executed
branch 14 never executed
branch 15 never executed
call   16 never executed
branch 17 never executed
branch 18 never executed
call   19 never executed
branch 20 never executed
branch 21 never executed
call   22 never executed
call   23 never executed
call   24 returned 100%
branch 25 taken 100%
branch 26 taken 0%
call   27 returned 100%
branch 28 taken 100%
branch 29 taken 0%
call   30 never executed
call   31 never executed
call   32 never executed
call   33 never executed
call   34 never executed
        -:  163:}
function _ZN23PFDFixture_solve_8_TestD0Ev called 2 returned 100% blocks executed 100%
function _ZN23PFDFixture_solve_8_TestD2Ev called 2 returned 100% blocks executed 75%
function _ZN23PFDFixture_solve_8_Test8TestBodyEv called 2 returned 100% blocks executed 50%
function _ZN23PFDFixture_solve_8_TestC2Ev called 2 returned 100% blocks executed 100%
       10:  164:TEST(PFDFixture, solve_8) 
call    0 returned 100%
call    1 returned 100%
call    2 returned 100%
call    3 returned 100%
call    4 returned 100%
call    5 returned 100%
call    6 returned 100%
branch  7 taken 0% (fallthrough)
branch  8 taken 100%
call    9 never executed
call   10 returned 100%
        -:  165:{
        2:  166:    istringstream r("3 0\n1 1 3\n3 1 2\n");
call    0 returned 100%
call    1 returned 100%
branch  2 taken 100% (fallthrough)
branch  3 taken 0% (throw)
call    4 returned 100%
branch  5 taken 100% (fallthrough)
branch  6 taken 0% (throw)
call    7 returned 100%
call    8 returned 100%
call    9 never executed
call   10 never executed
        4:  167:    ostringstream w;
call    0 returned 100%
branch  1 taken 100% (fallthrough)
branch  2 taken 0% (throw)
call    3 returned 100%
branch  4 taken 100%
branch  5 taken 0%
call    6 never executed
        2:  168:    PFD_solve(r, w);
call    0 returned 100%
branch  1 taken 100% (fallthrough)
branch  2 taken 0% (throw)
        4:  169:    ASSERT_EQ("1 2 3 \n", w.str());
call    0 returned 100%
branch  1 taken 100% (fallthrough)
branch  2 taken 0% (throw)
call    3 returned 100%
branch  4 taken 100% (fallthrough)
branch  5 taken 0% (throw)
call    6 returned 100%
call    7 returned 100%
branch  8 taken 0% (fallthrough)
branch  9 taken 100%
call   10 never executed
branch 11 never executed
branch 12 never executed
call   13 never executed
branch 14 never executed
branch 15 never executed
call   16 never executed
branch 17 never executed
branch 18 never executed
call   19 never executed
branch 20 never executed
branch 21 never executed
call   22 never executed
call   23 never executed
call   24 returned 100%
branch 25 taken 100%
branch 26 taken 0%
call   27 returned 100%
branch 28 taken 100%
branch 29 taken 0%
call   30 never executed
call   31 never executed
call   32 never executed
call   33 never executed
call   34 never executed
        -:  170:}
function _ZN23PFDFixture_solve_9_TestD0Ev called 2 returned 100% blocks executed 100%
function _ZN23PFDFixture_solve_9_TestD2Ev called 2 returned 100% blocks executed 75%
function _ZN23PFDFixture_solve_9_Test8TestBodyEv called 2 returned 100% blocks executed 50%
function _ZN23PFDFixture_solve_9_TestC2Ev called 2 returned 100% blocks executed 100%
       10:  171:TEST(PFDFixture, solve_9) 
call    0 returned 100%
call    1 returned 100%
call    2 returned 100%
call    3 returned 100%
call    4 returned 100%
call    5 returned 100%
call    6 returned 100%
branch  7 taken 0% (fallthrough)
branch  8 taken 100%
call    9 never executed
call   10 returned 100%
        -:  172:{
        2:  173:    istringstream r("8 5\n3 2 1 5\n2 2 5 3\n4 1 3\n5 1 1\n6 1 1");
call    0 returned 100%
call    1 returned 100%
branch  2 taken 100% (fallthrough)
branch  3 taken 0% (throw)
call    4 returned 100%
branch  5 taken 100% (fallthrough)
branch  6 taken 0% (throw)
call    7 returned 100%
call    8 returned 100%
call    9 never executed
call   10 never executed
        4:  174:    ostringstream w;
call    0 returned 100%
branch  1 taken 100% (fallthrough)
branch  2 taken 0% (throw)
call    3 returned 100%
branch  4 taken 100%
branch  5 taken 0%
call    6 never executed
        2:  175:    PFD_solve(r, w);
call    0 returned 100%
branch  1 taken 100% (fallthrough)
branch  2 taken 0% (throw)
        4:  176:    ASSERT_EQ("1 5 3 2 4 6 7 8 \n", w.str());
call    0 returned 100%
branch  1 taken 100% (fallthrough)
branch  2 taken 0% (throw)
call    3 returned 100%
branch  4 taken 100% (fallthrough)
branch  5 taken 0% (throw)
call    6 returned 100%
call    7 returned 100%
branch  8 taken 0% (fallthrough)
branch  9 taken 100%
call   10 never executed
branch 11 never executed
branch 12 never executed
call   13 never executed
branch 14 never executed
branch 15 never executed
call   16 never executed
branch 17 never executed
branch 18 never executed
call   19 never executed
branch 20 never executed
branch 21 never executed
call   22 never executed
call   23 never executed
call   24 returned 100%
branch 25 taken 100%
branch 26 taken 0%
call   27 returned 100%
branch 28 taken 100%
branch 29 taken 0%
call   30 never executed
call   31 never executed
call   32 never executed
call   33 never executed
call   34 never executed
function _GLOBAL__sub_I__ZN22PFDFixture_read_1_Test10test_info_E called 2 returned 100% blocks executed 100%
function _Z41__static_initialization_and_destruction_0ii called 2 returned 100% blocks executed 100%
        6:  177:}
call    0 returned 100%
branch  1 taken 100% (fallthrough)
branch  2 taken 0%
branch  3 taken 100% (fallthrough)
branch  4 taken 0%
        -:  178:
        -:  179:
        -:  180:
        -:  181:
        -:  182:
        -:  183:
        -:  184:
        -:  185:/*
        -:  186:% ls -al /usr/include/gtest/
        -:  187:...
        -:  188:gtest.h
        -:  189:...
        -:  190:
        -:  191:
        -:  192:
        -:  193:% locate libgtest.a
        -:  194:/usr/lib/libgtest.a
        -:  195:...
        -:  196:
        -:  197:
        -:  198:
        -:  199:% locate libpthread.a
        -:  200:...
        -:  201:/usr/lib32/libpthread.a
        -:  202:
        -:  203:
        -:  204:
        -:  205:% locate libgtest_main.a
        -:  206:/usr/lib/libgtest_main.a
        -:  207:...
        -:  208:
        -:  209:
        -:  210:
        -:  211:% g++-4.8 -fprofile-arcs -ftest-coverage -pedantic -std=c++11 -Wall PFD.c++ TestPFD.c++ -o TestPFD -lgtest -lgtest_main -lpthread
        -:  212:
        -:  213:
        -:  214:
        -:  215:% valgrind TestPFD        >  TestPFD.out 2>&1
        -:  216:% gcov-4.8 -b PFD.c++     >> TestPFD.out
        -:  217:% gcov-4.8 -b TestPFD.c++ >> TestPFD.out
        -:  218:
        -:  219:
        -:  220:
        -:  221:% cat TestPFD.out
        -:  222:==14225== Memcheck, a memory error detector
        -:  223:==14225== Copyright (C) 2002-2011, and GNU GPL'd, by Julian Seward et al.
        -:  224:==14225== Using Valgrind-3.7.0 and LibVEX; rerun with -h for copyright info
        -:  225:==14225== Command: TestPFD
        -:  226:==14225==
        -:  227:Running main() from gtest_main.cc
        -:  228:[==========] Running 7 tests from 1 test case.
        -:  229:[----------] Global test environment set-up.
        -:  230:[----------] 7 tests from PFD
        -:  231:[ RUN      ] PFD.read
        -:  232:[       OK ] PFD.read (31 ms)
        -:  233:[ RUN      ] PFD.eval_1
        -:  234:[       OK ] PFD.eval_1 (5 ms)
        -:  235:[ RUN      ] PFD.eval_2
        -:  236:[       OK ] PFD.eval_2 (3 ms)
        -:  237:[ RUN      ] PFD.eval_3
        -:  238:[       OK ] PFD.eval_3 (3 ms)
        -:  239:[ RUN      ] PFD.eval_4
        -:  240:[       OK ] PFD.eval_4 (3 ms)
        -:  241:[ RUN      ] PFD.print
        -:  242:[       OK ] PFD.print (17 ms)
        -:  243:[ RUN      ] PFD.solve
        -:  244:[       OK ] PFD.solve (10 ms)
        -:  245:[----------] 7 tests from PFD (88 ms total)
        -:  246:
        -:  247:[----------] Global test environment tear-down
        -:  248:[==========] 7 tests from 1 test case ran. (132 ms total)
        -:  249:[  PASSED  ] 7 tests.
        -:  250:==14225==
        -:  251:==14225== HEAP SUMMARY:
        -:  252:==14225==     in use at exit: 0 bytes in 0 blocks
        -:  253:==14225==   total heap usage: 495 allocs, 495 frees, 70,302 bytes allocated
        -:  254:==14225==
        -:  255:==14225== All heap blocks were freed -- no leaks are possible
        -:  256:==14225==
        -:  257:==14225== For counts of detected and suppressed errors, rerun with: -v
        -:  258:==14225== ERROR SUMMARY: 0 errors from 0 contexts (suppressed: 2 from 2)
        -:  259:File 'PFD.c++'
        -:  260:Lines executed:100.00% of 17
        -:  261:Branches executed:100.00% of 18
        -:  262:Taken at least once:61.11% of 18
        -:  263:Calls executed:89.47% of 19
        -:  264:Creating 'PFD.c++.gcov'
        -:  265:...
        -:  266:File 'TestPFD.c++'
        -:  267:Lines executed:100.00% of 26
        -:  268:Branches executed:57.14% of 224
        -:  269:Taken at least once:28.57% of 224
        -:  270:Calls executed:54.07% of 209
        -:  271:Creating 'TestPFD.c++.gcov'
        -:  272:...
        -:  273:*/
